1485786865  26317  3,9  0,0  ./RMP_3.1.9_StandaloneProgram
1485786866  26317  4,9  0,0  ./RMP_3.1.9_StandaloneProgram
1485786867  26317  3,9  0,0  ./RMP_3.1.9_StandaloneProgram
1485786868  26317  4,9  0,0  ./RMP_3.1.9_StandaloneProgram
1485786869  26317  3,9  0,0  ./RMP_3.1.9_StandaloneProgram
1485786870  26317  4,0  0,0  ./RMP_3.1.9_StandaloneProgram
1485786871  26317  5,9  0,0  ./RMP_3.1.9_StandaloneProgram
1485786872  26317  3,9  0,0  ./RMP_3.1.9_StandaloneProgram
1485786873  26317  3,9  0,0  ./RMP_3.1.9_StandaloneProgram
1485786874  26317  5,9  0,0  ./RMP_3.1.9_StandaloneProgram
1485786875  26317  2,9  0,0  ./RMP_3.1.9_StandaloneProgram
1485786876  26317  4,9  0,0  ./RMP_3.1.9_StandaloneProgram
1485786877  26317  5,9  0,0  ./RMP_3.1.9_StandaloneProgram
1485786878  26317  3,9  0,0  ./RMP_3.1.9_StandaloneProgram
1485786879  26317  3,9  0,0  ./RMP_3.1.9_StandaloneProgram
1485786880  26317  4,9  0,0  ./RMP_3.1.9_StandaloneProgram
1485786881  26317  4,9  0,0  ./RMP_3.1.9_StandaloneProgram
1485786882  26317  4,9  0,0  ./RMP_3.1.9_StandaloneProgram
1485786883  26317  4,9  0,0  ./RMP_3.1.9_StandaloneProgram
1485786884  26317  3,9  0,0  ./RMP_3.1.9_StandaloneProgram
1485786885  26317  4,9  0,0  ./RMP_3.1.9_StandaloneProgram
1485786886  26317  4,9  0,0  ./RMP_3.1.9_StandaloneProgram
1485786887  26317  3,9  0,0  ./RMP_3.1.9_StandaloneProgram
1485786888  26317  5,9  0,0  ./RMP_3.1.9_StandaloneProgram
1485786889  26317  4,9  0,0  ./RMP_3.1.9_StandaloneProgram
1485786890  26317  3,9  0,0  ./RMP_3.1.9_StandaloneProgram
1485786891  26317  4,9  0,0  ./RMP_3.1.9_StandaloneProgram
1485786892  26317  4,9  0,0  ./RMP_3.1.9_StandaloneProgram
1485786893  26317  4,9  0,0  ./RMP_3.1.9_StandaloneProgram
1485786894  26317  4,9  0,0  ./RMP_3.1.9_StandaloneProgram
1485786895  26317  4,9  0,0  ./RMP_3.1.9_StandaloneProgram
1485786896  26317  4,9  0,0  ./RMP_3.1.9_StandaloneProgram
1485786897  26317  4,9  0,0  ./RMP_3.1.9_StandaloneProgram
1485786898  26317  4,9  0,0  ./RMP_3.1.9_StandaloneProgram
1485786899  26317  4,9  0,0  ./RMP_3.1.9_StandaloneProgram
1485786900  26317  4,9  0,0  ./RMP_3.1.9_StandaloneProgram
1485786901  26317  3,9  0,0  ./RMP_3.1.9_StandaloneProgram
1485786902  26317  4,9  0,0  ./RMP_3.1.9_StandaloneProgram
1485786903  26317  4,9  0,0  ./RMP_3.1.9_StandaloneProgram
1485786904  26317  4,0  0,0  ./RMP_3.1.9_StandaloneProgram
1485786906  26317  4,0  0,0  ./RMP_3.1.9_StandaloneProgram
1485786907  26317  3,9  0,0  ./RMP_3.1.9_StandaloneProgram
1485786908  26317  4,9  0,0  ./RMP_3.1.9_StandaloneProgram
1485786909  26317  3,9  0,0  ./RMP_3.1.9_StandaloneProgram
1485786910  26317  4,9  0,0  ./RMP_3.1.9_StandaloneProgram
1485786911  26317  5,9  0,0  ./RMP_3.1.9_StandaloneProgram
1485786912  26317  3,9  0,0  ./RMP_3.1.9_StandaloneProgram
1485786913  26317  2,9  0,0  ./RMP_3.1.9_StandaloneProgram
1485786914  26317  4,9  0,0  ./RMP_3.1.9_StandaloneProgram
1485786915  26317  4,9  0,0  ./RMP_3.1.9_StandaloneProgram
