1485787090  28394  0,0  0,0  ./RMP_3.1.9_StandaloneProgram
1485787091  28394  2,0  0,0  ./RMP_3.1.9_StandaloneProgram
1485787092  28394  3,0  0,0  ./RMP_3.1.9_StandaloneProgram
1485787093  28394  1,0  0,0  ./RMP_3.1.9_StandaloneProgram
1485787094  28394  2,0  0,0  ./RMP_3.1.9_StandaloneProgram
1485787095  28394  3,0  0,0  ./RMP_3.1.9_StandaloneProgram
1485787096  28394  2,0  0,0  ./RMP_3.1.9_StandaloneProgram
1485787097  28394  2,0  0,0  ./RMP_3.1.9_StandaloneProgram
1485787098  28394  2,0  0,0  ./RMP_3.1.9_StandaloneProgram
1485787099  28394  2,0  0,0  ./RMP_3.1.9_StandaloneProgram
1485787100  28394  2,0  0,0  ./RMP_3.1.9_StandaloneProgram
1485787101  28394  2,0  0,0  ./RMP_3.1.9_StandaloneProgram
1485787102  28394  3,0  0,0  ./RMP_3.1.9_StandaloneProgram
1485787103  28394  2,0  0,0  ./RMP_3.1.9_StandaloneProgram
1485787104  28394  2,0  0,0  ./RMP_3.1.9_StandaloneProgram
1485787105  28394  2,0  0,0  ./RMP_3.1.9_StandaloneProgram
1485787106  28394  2,9  0,0  ./RMP_3.1.9_StandaloneProgram
1485787108  28394  2,9  0,0  ./RMP_3.1.9_StandaloneProgram
1485787109  28394  2,0  0,0  ./RMP_3.1.9_StandaloneProgram
1485787110  28394  2,0  0,0  ./RMP_3.1.9_StandaloneProgram
1485787111  28394  2,9  0,0  ./RMP_3.1.9_StandaloneProgram
1485787112  28394  2,0  0,0  ./RMP_3.1.9_StandaloneProgram
1485787113  28394  2,0  0,0  ./RMP_3.1.9_StandaloneProgram
1485787114  28394  2,9  0,0  ./RMP_3.1.9_StandaloneProgram
1485787115  28394  2,0  0,0  ./RMP_3.1.9_StandaloneProgram
1485787116  28394  2,9  0,0  ./RMP_3.1.9_StandaloneProgram
1485787117  28394  2,0  0,0  ./RMP_3.1.9_StandaloneProgram
1485787118  28394  2,0  0,0  ./RMP_3.1.9_StandaloneProgram
1485787119  28394  3,0  0,0  ./RMP_3.1.9_StandaloneProgram
1485787120  28394  2,0  0,0  ./RMP_3.1.9_StandaloneProgram
1485787121  28394  2,9  0,0  ./RMP_3.1.9_StandaloneProgram
1485787122  28394  3,0  0,0  ./RMP_3.1.9_StandaloneProgram
1485787123  28394  2,0  0,0  ./RMP_3.1.9_StandaloneProgram
1485787124  28394  2,0  0,0  ./RMP_3.1.9_StandaloneProgram
1485787125  28394  2,0  0,0  ./RMP_3.1.9_StandaloneProgram
1485787126  28394  3,0  0,0  ./RMP_3.1.9_StandaloneProgram
1485787127  28394  2,0  0,0  ./RMP_3.1.9_StandaloneProgram
1485787128  28394  3,0  0,0  ./RMP_3.1.9_StandaloneProgram
1485787129  28394  2,0  0,0  ./RMP_3.1.9_StandaloneProgram
1485787130  28394  2,0  0,0  ./RMP_3.1.9_StandaloneProgram
1485787131  28394  2,0  0,0  ./RMP_3.1.9_StandaloneProgram
1485787132  28394  2,9  0,0  ./RMP_3.1.9_StandaloneProgram
1485787133  28394  2,0  0,0  ./RMP_3.1.9_StandaloneProgram
1485787134  28394  3,0  0,0  ./RMP_3.1.9_StandaloneProgram
1485787135  28394  2,9  0,0  ./RMP_3.1.9_StandaloneProgram
1485787136  28394  1,0  0,0  ./RMP_3.1.9_StandaloneProgram
1485787137  28394  2,9  0,0  ./RMP_3.1.9_StandaloneProgram
1485787138  28394  2,0  0,0  ./RMP_3.1.9_StandaloneProgram
1485787139  28394  2,9  0,0  ./RMP_3.1.9_StandaloneProgram
1485787140  28394  1,0  0,0  ./RMP_3.1.9_StandaloneProgram
1485787141  28394  3,0  0,0  ./RMP_3.1.9_StandaloneProgram
