1485787360  31515  2,9  0,0  ./RMP_3.1.9_StandaloneProgram
1485787361  31515  3,9  0,0  ./RMP_3.1.9_StandaloneProgram
1485787362  31515  4,9  0,0  ./RMP_3.1.9_StandaloneProgram
1485787363  31515  3,9  0,0  ./RMP_3.1.9_StandaloneProgram
1485787364  31515  3,9  0,0  ./RMP_3.1.9_StandaloneProgram
1485787365  31515  2,9  0,0  ./RMP_3.1.9_StandaloneProgram
1485787367  31515  3,0  0,0  ./RMP_3.1.9_StandaloneProgram
1485787368  31515  4,9  0,0  ./RMP_3.1.9_StandaloneProgram
1485787369  31515  3,0  0,0  ./RMP_3.1.9_StandaloneProgram
1485787370  31515  3,9  0,0  ./RMP_3.1.9_StandaloneProgram
1485787371  31515  3,9  0,0  ./RMP_3.1.9_StandaloneProgram
1485787372  31515  3,0  0,0  ./RMP_3.1.9_StandaloneProgram
1485787373  31515  4,9  0,0  ./RMP_3.1.9_StandaloneProgram
1485787374  31515  3,9  0,0  ./RMP_3.1.9_StandaloneProgram
1485787375  31515  3,9  0,0  ./RMP_3.1.9_StandaloneProgram
1485787376  31515  3,9  0,0  ./RMP_3.1.9_StandaloneProgram
1485787377  31515  3,0  0,0  ./RMP_3.1.9_StandaloneProgram
1485787378  31515  4,0  0,0  ./RMP_3.1.9_StandaloneProgram
1485787379  31515  3,9  0,0  ./RMP_3.1.9_StandaloneProgram
1485787380  31515  4,9  0,0  ./RMP_3.1.9_StandaloneProgram
1485787381  31515  3,9  0,0  ./RMP_3.1.9_StandaloneProgram
1485787382  31515  3,0  0,0  ./RMP_3.1.9_StandaloneProgram
1485787383  31515  3,9  0,0  ./RMP_3.1.9_StandaloneProgram
1485787384  31515  4,9  0,0  ./RMP_3.1.9_StandaloneProgram
1485787385  31515  3,9  0,0  ./RMP_3.1.9_StandaloneProgram
1485787386  31515  3,9  0,0  ./RMP_3.1.9_StandaloneProgram
1485787387  31515  3,9  0,0  ./RMP_3.1.9_StandaloneProgram
1485787388  31515  4,0  0,0  ./RMP_3.1.9_StandaloneProgram
1485787389  31515  2,0  0,0  ./RMP_3.1.9_StandaloneProgram
1485787390  31515  4,9  0,0  ./RMP_3.1.9_StandaloneProgram
1485787391  31515  3,9  0,0  ./RMP_3.1.9_StandaloneProgram
1485787392  31515  3,0  0,0  ./RMP_3.1.9_StandaloneProgram
1485787393  31515  3,0  0,0  ./RMP_3.1.9_StandaloneProgram
1485787394  31515  3,0  0,0  ./RMP_3.1.9_StandaloneProgram
1485787395  31515  3,9  0,0  ./RMP_3.1.9_StandaloneProgram
1485787396  31515  3,9  0,0  ./RMP_3.1.9_StandaloneProgram
1485787397  31515  4,9  0,0  ./RMP_3.1.9_StandaloneProgram
1485787398  31515  3,9  0,0  ./RMP_3.1.9_StandaloneProgram
1485787399  31515  3,0  0,0  ./RMP_3.1.9_StandaloneProgram
1485787400  31515  3,9  0,0  ./RMP_3.1.9_StandaloneProgram
1485787401  31515  2,9  0,0  ./RMP_3.1.9_StandaloneProgram
1485787402  31515  4,0  0,0  ./RMP_3.1.9_StandaloneProgram
1485787403  31515  3,9  0,0  ./RMP_3.1.9_StandaloneProgram
1485787404  31515  4,9  0,0  ./RMP_3.1.9_StandaloneProgram
1485787405  31515  3,0  0,0  ./RMP_3.1.9_StandaloneProgram
1485787406  31515  3,9  0,0  ./RMP_3.1.9_StandaloneProgram
1485787407  31515  3,9  0,0  ./RMP_3.1.9_StandaloneProgram
1485787408  31515  3,0  0,0  ./RMP_3.1.9_StandaloneProgram
1485787409  31515  3,9  0,0  ./RMP_3.1.9_StandaloneProgram
1485787410  31515  4,0  0,0  ./RMP_3.1.9_StandaloneProgram
